<?xml version="1.0" encoding="UTF-8"?>
<testsuite xmlns:xsi="http://www.w3.org/2001/XMLSchema-instance" xsi:schemaLocation="https://maven.apache.org/surefire/maven-surefire-plugin/xsd/surefire-test-report.xsd" name="TestSuite" time="108.695" tests="6" errors="0" skipped="0" failures="0">
  <properties>
[...]
</properties>
  <testcase name="aBTesting" classname="com.brac.bkash.tc.ABTesting" time="7.506"/>
  <testcase name="addRemoveElements" classname="com.brac.bkash.tc.AddRemoveElements" time="8.591"/>
  <testcase name="basicAuthTesting" classname="com.brac.bkash.tc.BasicAuthTesting" time="5.165"/>
  <testcase name="brokenImages" classname="com.brac.bkash.tc.BrokenImages" time="7.971"/>
  <testcase name="checkboxTest" classname="com.brac.bkash.tc.CheckboxTest" time="10.663"/>
  <testcase name="contextMenuTest" classname="com.brac.bkash.tc.ContextMenuTest" time="7.588"/>
</testsuite>