<?xml version="1.0" encoding="UTF-8"?>
<testng-results ignored="0" total="2" passed="2" failed="0" skipped="0">
  <reporter-output>
  </reporter-output>
  <suite started-at="2021-06-04T02:23:40Z" name="Regression" finished-at="2021-06-04T02:23:56Z" duration-ms="15899">
    <groups>
    </groups>
    <test started-at="2021-06-04T02:23:40Z" name="UITest" finished-at="2021-06-04T02:23:56Z" duration-ms="15899">
      <class name="com.brac.bkash.tc.UserAbleToValidateCreateNewAccount">
        <test-method is-config="true" signature="beforeClass()[pri:0, instance:com.brac.bkash.tc.UserAbleToValidateCreateNewAccount@43738a82]" started-at="2021-06-04T02:23:49Z" name="beforeClass" finished-at="2021-06-04T02:23:51Z" duration-ms="1714" status="PASS">
          <reporter-output>
          </reporter-output>
        </test-method> <!-- beforeClass -->
        <test-method is-config="true" signature="beforeMethod()[pri:0, instance:com.brac.bkash.tc.UserAbleToValidateCreateNewAccount@43738a82]" started-at="2021-06-04T02:23:51Z" name="beforeMethod" finished-at="2021-06-04T02:23:54Z" duration-ms="2812" status="PASS">
          <reporter-output>
          </reporter-output>
        </test-method> <!-- beforeMethod -->
        <test-method signature="userAbleToValidateCreateNewAccount()[pri:0, instance:com.brac.bkash.tc.UserAbleToValidateCreateNewAccount@43738a82]" started-at="2021-06-04T02:23:54Z" name="userAbleToValidateCreateNewAccount" finished-at="2021-06-04T02:23:56Z" duration-ms="2061" status="PASS">
          <reporter-output>
          </reporter-output>
        </test-method> <!-- userAbleToValidateCreateNewAccount -->
        <test-method is-config="true" signature="afterTest()[pri:0, instance:com.brac.bkash.tc.UserAbleToValidateCreateNewAccount@43738a82]" started-at="2021-06-04T02:23:56Z" name="afterTest" finished-at="2021-06-04T02:23:56Z" duration-ms="0" status="PASS">
          <reporter-output>
          </reporter-output>
        </test-method> <!-- afterTest -->
        <test-method is-config="true" signature="afterClass()[pri:0, instance:com.brac.bkash.tc.UserAbleToValidateCreateNewAccount@43738a82]" started-at="2021-06-04T02:23:56Z" name="afterClass" finished-at="2021-06-04T02:23:56Z" duration-ms="105" status="PASS">
          <reporter-output>
          </reporter-output>
        </test-method> <!-- afterClass -->
      </class> <!-- com.brac.bkash.tc.UserAbleToValidateCreateNewAccount -->
      <class name="com.brac.bkash.tc.UserAbleToValidateFirstNameLastNamePresent">
        <test-method is-config="true" signature="beforeClass()[pri:0, instance:com.brac.bkash.tc.UserAbleToValidateFirstNameLastNamePresent@7403c468]" started-at="2021-06-04T02:23:40Z" name="beforeClass" finished-at="2021-06-04T02:23:43Z" duration-ms="2573" status="PASS">
          <reporter-output>
          </reporter-output>
        </test-method> <!-- beforeClass -->
        <test-method is-config="true" signature="beforeMethod()[pri:0, instance:com.brac.bkash.tc.UserAbleToValidateFirstNameLastNamePresent@7403c468]" started-at="2021-06-04T02:23:43Z" name="beforeMethod" finished-at="2021-06-04T02:23:45Z" duration-ms="2744" status="PASS">
          <reporter-output>
          </reporter-output>
        </test-method> <!-- beforeMethod -->
        <test-method signature="userAbleToValidateFirstNameLastNamePresent()[pri:0, instance:com.brac.bkash.tc.UserAbleToValidateFirstNameLastNamePresent@7403c468]" started-at="2021-06-04T02:23:45Z" name="userAbleToValidateFirstNameLastNamePresent" finished-at="2021-06-04T02:23:49Z" duration-ms="3749" status="PASS">
          <reporter-output>
          </reporter-output>
        </test-method> <!-- userAbleToValidateFirstNameLastNamePresent -->
        <test-method is-config="true" signature="afterTest()[pri:0, instance:com.brac.bkash.tc.UserAbleToValidateFirstNameLastNamePresent@7403c468]" started-at="2021-06-04T02:23:49Z" name="afterTest" finished-at="2021-06-04T02:23:49Z" duration-ms="0" status="PASS">
          <reporter-output>
          </reporter-output>
        </test-method> <!-- afterTest -->
        <test-method is-config="true" signature="afterClass()[pri:0, instance:com.brac.bkash.tc.UserAbleToValidateFirstNameLastNamePresent@7403c468]" started-at="2021-06-04T02:23:49Z" name="afterClass" finished-at="2021-06-04T02:23:49Z" duration-ms="127" status="PASS">
          <reporter-output>
          </reporter-output>
        </test-method> <!-- afterClass -->
      </class> <!-- com.brac.bkash.tc.UserAbleToValidateFirstNameLastNamePresent -->
    </test> <!-- UITest -->
  </suite> <!-- Regression -->
</testng-results>
