<?xml version="1.0" encoding="UTF-8"?>
<testsuite xmlns:xsi="http://www.w3.org/2001/XMLSchema-instance" xsi:schemaLocation="https://maven.apache.org/surefire/maven-surefire-plugin/xsd/surefire-test-report.xsd" name="TestSuite" time="48.329" tests="3" errors="0" skipped="0" failures="0">
  <properties>
[...]
</properties>
  <testcase name="userAbleToClickOnCreateNewAccount" classname="com.saucedemo.swaglabs.testCases.UserAbleToClickOnCreateNewAccount" time="11.445"/>
  <testcase name="userAbleToClickOnForgetPassword" classname="com.saucedemo.swaglabs.testCases.UserAbleToClickOnForgetPassword" time="17.68"/>
  <testcase name="userAbleToClickOnLoginSwagLabs" classname="com.saucedemo.swaglabs.testCases.UserAbleToClickOnLoginSwagLabs" time="18.334"/>
</testsuite>