<?xml version="1.0" encoding="UTF-8"?>
<testng-results total="1" passed="1" failed="0" skipped="0">
  <reporter-output>
  </reporter-output>
  <suite started-at="2021-06-19T01:49:54Z" name="Regression" finished-at="2021-06-19T01:49:56Z" duration-ms="1613">
    <groups>
    </groups>
    <test started-at="2021-06-19T01:49:54Z" name="UITest" finished-at="2021-06-19T01:49:56Z" duration-ms="1613">
      <class name="com.brac.bkashApi.tc.ListUserEndPointValidation">
        <test-method signature="listUserEndPointValidation()[pri:0, instance:com.brac.bkashApi.tc.ListUserEndPointValidation@cb51256]" started-at="2021-06-18T21:49:54Z" name="listUserEndPointValidation" finished-at="2021-06-18T21:49:56Z" duration-ms="1605" status="PASS">
          <reporter-output>
          </reporter-output>
        </test-method> <!-- listUserEndPointValidation -->
      </class> <!-- com.brac.bkashApi.tc.ListUserEndPointValidation -->
    </test> <!-- UITest -->
  </suite> <!-- Regression -->
</testng-results>
