<?xml version="1.0" encoding="UTF-8"?>
<testsuite xmlns:xsi="http://www.w3.org/2001/XMLSchema-instance" xsi:schemaLocation="https://maven.apache.org/surefire/maven-surefire-plugin/xsd/surefire-test-report.xsd" name="TestSuite" time="580.897" tests="22" errors="0" skipped="0" failures="3">
  <properties>
[...]
</properties>
  <testcase name="abTestingTcAsif" classname="com.ucb.nagad.testcases.AbTestingTcAsif" time="2.698">
    <failure message="expected [A/B Test Variation 1] but found [A/B Test Control]" type="java.lang.AssertionError">java.lang.AssertionError: expected [A/B Test Variation 1] but found [A/B Test Control]
	at com.ucb.nagad.testcases.AbTestingTcAsif.abTestingTcAsif(AbTestingTcAsif.java:35)
</failure>
    <system-out><![CDATA[A/B Testing
]]></system-out>
    <system-err><![CDATA[Starting ChromeDriver 93.0.4577.15 (660fc11082ba57405eca2e8c49c3e1af756fbfae-refs/branch-heads/4577@{#203}) on port 27642
Only local connections are allowed.
Please see https://chromedriver.chromium.org/security-considerations for suggestions on keeping ChromeDriver safe.
ChromeDriver was started successfully.
Sep 21, 2021 11:21:20 AM org.openqa.selenium.remote.ProtocolHandshake createSession
INFO: Detected dialect: W3C
]]></system-err>
  </testcase>
  <testcase name="disappearingElementsTcAsif" classname="com.ucb.nagad.testcases.DisappearingElementsTcAsif" time="3.486">
    <failure message="expected [http://the-internet.herokuapp.com/disappearing_elements] but found [https://the-internet.herokuapp.com/disappearing_elements]" type="java.lang.AssertionError">java.lang.AssertionError: expected [http://the-internet.herokuapp.com/disappearing_elements] but found [https://the-internet.herokuapp.com/disappearing_elements]
	at com.ucb.nagad.testcases.DisappearingElementsTcAsif.disappearingElementsTcAsif(DisappearingElementsTcAsif.java:25)
</failure>
    <system-out><![CDATA[Method is passing
http://the-internet.herokuapp.com/disappearing_elements
]]></system-out>
    <system-err><![CDATA[Starting ChromeDriver 93.0.4577.15 (660fc11082ba57405eca2e8c49c3e1af756fbfae-refs/branch-heads/4577@{#203}) on port 18941
Only local connections are allowed.
Please see https://chromedriver.chromium.org/security-considerations for suggestions on keeping ChromeDriver safe.
ChromeDriver was started successfully.
Sep 21, 2021 11:21:29 AM org.openqa.selenium.remote.ProtocolHandshake createSession
INFO: Detected dialect: W3C
]]></system-err>
  </testcase>
  <testcase name="forgotPasswordTcAsif" classname="com.ucb.nagad.testcases.ForgotPasswordTcAsif" time="13.378"/>
  <testcase name="frameIFrameValidationTcAsif" classname="com.ucb.nagad.testcases.FrameIFrameValidationTcAsif" time="46.023"/>
  <testcase name="notificationMessagesTcAsif" classname="com.ucb.nagad.testcases.NotificationMessagesTcAsif" time="16.226"/>
  <testcase name="addRemoveElementsTcAsif" classname="com.ucb.nagad.testcases.AddRemoveElementsTcAsif" time="9.987"/>
  <testcase name="dragAndDropTcAsif" classname="com.ucb.nagad.testcases.DragAndDropTcAsif" time="3.468">
    <failure message="expected [http://the-internet.herokuapp.com/drag_and_drop] but found [https://the-internet.herokuapp.com/drag_and_drop]" type="java.lang.AssertionError">java.lang.AssertionError: expected [http://the-internet.herokuapp.com/drag_and_drop] but found [https://the-internet.herokuapp.com/drag_and_drop]
	at com.ucb.nagad.testcases.DragAndDropTcAsif.dragAndDropTcAsif(DragAndDropTcAsif.java:28)
</failure>
    <system-out><![CDATA[Method is passing


http://the-internet.herokuapp.com/drag_and_drop
]]></system-out>
    <system-err><![CDATA[Starting ChromeDriver 93.0.4577.15 (660fc11082ba57405eca2e8c49c3e1af756fbfae-refs/branch-heads/4577@{#203}) on port 40910
Only local connections are allowed.
Please see https://chromedriver.chromium.org/security-considerations for suggestions on keeping ChromeDriver safe.
ChromeDriver was started successfully.
Sep 21, 2021 11:23:32 AM org.openqa.selenium.remote.ProtocolHandshake createSession
INFO: Detected dialect: W3C
]]></system-err>
  </testcase>
  <testcase name="horizontalSliderTcAsif" classname="com.ucb.nagad.testcases.HorizontalSliderTcAsif" time="7.981"/>
  <testcase name="redirectLinkTcAsif" classname="com.ucb.nagad.testcases.RedirectLinkTcAsif" time="37.209"/>
  <testcase name="basicAuthTcAsif" classname="com.ucb.nagad.testcases.BasicAuthTcAsif" time="17.084"/>
  <testcase name="dropDownTcAsif" classname="com.ucb.nagad.testcases.DropDownTcAsif" time="28.109"/>
  <testcase name="hoversValidationTcAsif" classname="com.ucb.nagad.testcases.HoversValidationTcAsif" time="23.54"/>
  <testcase name="brokenImageTcAsif" classname="com.ucb.nagad.testcases.BrokenImageTcAsif" time="6.533"/>
  <testcase name="dynamicContentTcAsif" classname="com.ucb.nagad.testcases.DynamicContentTcAsif" time="13.831"/>
  <testcase name="infiniteScrollTcAsif" classname="com.ucb.nagad.testcases.InfiniteScrollTcAsif" time="25.097"/>
  <testcase name="checkBoxTcAsif" classname="com.ucb.nagad.testcases.CheckBoxTcAsif" time="17.993"/>
  <testcase name="fileUploadTcAsif" classname="com.ucb.nagad.testcases.FileUploadTcAsif" time="28.217"/>
  <testcase name="inputsValidationTcAsif" classname="com.ucb.nagad.testcases.InputsValidationTcAsif" time="8.709"/>
  <testcase name="contextMenuTcAsif" classname="com.ucb.nagad.testcases.ContextMenuTcAsif" time="22.203"/>
  <testcase name="dynamicControlsTcAsif" classname="com.ucb.nagad.testcases.DynamicControlsTcAsif" time="39.491"/>
  <testcase name="javaScriptAlertsTcAsif" classname="com.ucb.nagad.testcases.JavaScriptAlertsTcAsif" time="27.985"/>
  <testcase name="multipleWindowsTcAsif" classname="com.ucb.nagad.testcases.MultipleWindowsTcAsif" time="14.548"/>
</testsuite>