<?xml version="1.0" encoding="UTF-8"?>
<!-- Generated by org.testng.reporters.JUnitXMLReporter -->
<testsuite ignored="2" hostname="DESKTOP-UB2UHJP" failures="0" tests="3" name="UITest" time="47.489" errors="0" timestamp="10 Jun 2021 20:10:19 GMT">
  <testcase classname="com.saucedemo.swaglabs.testCases.UserAbleToClickOnCreateNewAccount" name="userAbleToClickOnCreateNewAccount" time="11.445"/>
  <testcase classname="com.saucedemo.swaglabs.testCases.UserAbleToClickOnForgetPassword" name="userAbleToClickOnForgetPassword" time="17.68"/>
  <testcase classname="com.saucedemo.swaglabs.testCases.UserAbleToClickOnLoginSwagLabs" name="userAbleToClickOnLoginSwagLabs" time="18.334"/>
  <testcase classname="com.saucedemo.swaglabs.testCases.UserAbleToValidateCreateNewAccount" name="userAbleToValidateCreateNewAccount" time="0.0">
    <ignored/>
  </testcase> <!-- userAbleToValidateCreateNewAccount -->
  <testcase classname="com.saucedemo.swaglabs.testCases.UserAbleToLogin" name="userAbleToLogin" time="0.0">
    <ignored/>
  </testcase> <!-- userAbleToLogin -->
</testsuite> <!-- UITest -->
