<?xml version="1.0" encoding="UTF-8"?>
<!-- Generated by org.testng.reporters.JUnitXMLReporter -->
<testsuite ignored="0" hostname="mds-MacBook-Pro.local" failures="0" tests="3" name="UITest" time="28.057" errors="0" timestamp="05 Jun 2021 02:17:53 GMT">
  <testcase classname="com.brac.bkash.tc.UserAbleToValidateFirstNameLastNamePresent" name="userAbleToValidateFirstNameLastNamePresent" time="4.391"/>
  <testcase classname="com.brac.bkash.tc.UserAbleToValidateCreateNewAccount" name="userAbleToValidateCreateNewAccount" time="2.791"/>
  <testcase classname="com.brac.bkash.tc.ABTesting" name="aBTesting" time="8.294"/>
</testsuite> <!-- UITest -->
