<?xml version="1.0" encoding="UTF-8"?>
<!-- Generated by org.testng.reporters.JUnitXMLReporter -->
<testsuite ignored="0" hostname="mds-MacBook-Pro.local" failures="0" tests="2" name="UITest" time="15.865" errors="0" timestamp="29 May 2021 02:24:25 GMT">
  <testcase classname="com.brac.bkash.tc.UserAbleToValidateFirstNameLastNamePresent" name="userAbleToValidateFirstNameLastNamePresent" time="3.748"/>
  <testcase classname="com.brac.bkash.tc.UserAbleToValidateCreateNewAccount" name="userAbleToValidateCreateNewAccount" time="2.055"/>
</testsuite> <!-- UITest -->
